0 info it worked if it ends with ok
1 verbose cli [ '/home/chelo/.nvm/versions/node/v7.2.0/bin/node',
1 verbose cli   '/home/chelo/.nvm/versions/node/v7.2.0/bin/npm',
1 verbose cli   'run',
1 verbose cli   'coverage-all' ]
2 info using npm@3.10.9
3 info using node@v7.2.0
4 verbose run-script [ 'precoverage-all', 'coverage-all', 'postcoverage-all' ]
5 info lifecycle node-test@1.0.0~precoverage-all: node-test@1.0.0
6 silly lifecycle node-test@1.0.0~precoverage-all: no script for precoverage-all, continuing
7 info lifecycle node-test@1.0.0~coverage-all: node-test@1.0.0
8 verbose lifecycle node-test@1.0.0~coverage-all: unsafe-perm in lifecycle true
9 verbose lifecycle node-test@1.0.0~coverage-all: PATH: /home/chelo/.nvm/versions/node/v7.2.0/lib/node_modules/npm/bin/node-gyp-bin:/home/chelo/Projects/node-tests-samples/node_modules/.bin:/home/chelo/.nvm/versions/node/v7.2.0/bin:/home/chelo/bin:/home/chelo/.local/bin:/usr/local/sbin:/usr/local/bin:/usr/sbin:/usr/bin:/sbin:/bin:/usr/games:/usr/local/games:/snap/bin:/home/chelo/Android/Sdk/tools:/home/chelo/Android/Sdk/platform-tools
10 verbose lifecycle node-test@1.0.0~coverage-all: CWD: /home/chelo/Projects/node-tests-samples
11 silly lifecycle node-test@1.0.0~coverage-all: Args: [ '-c', 'nyc --report-dir coverage/all npm test-all' ]
12 silly lifecycle node-test@1.0.0~coverage-all: Returned: code: 1  signal: null
13 info lifecycle node-test@1.0.0~coverage-all: Failed to exec coverage-all script
14 verbose stack Error: node-test@1.0.0 coverage-all: `nyc --report-dir coverage/all npm test-all`
14 verbose stack Exit status 1
14 verbose stack     at EventEmitter.<anonymous> (/home/chelo/.nvm/versions/node/v7.2.0/lib/node_modules/npm/lib/utils/lifecycle.js:255:16)
14 verbose stack     at emitTwo (events.js:106:13)
14 verbose stack     at EventEmitter.emit (events.js:191:7)
14 verbose stack     at ChildProcess.<anonymous> (/home/chelo/.nvm/versions/node/v7.2.0/lib/node_modules/npm/lib/utils/spawn.js:40:14)
14 verbose stack     at emitTwo (events.js:106:13)
14 verbose stack     at ChildProcess.emit (events.js:191:7)
14 verbose stack     at maybeClose (internal/child_process.js:885:16)
14 verbose stack     at Process.ChildProcess._handle.onexit (internal/child_process.js:226:5)
15 verbose pkgid node-test@1.0.0
16 verbose cwd /home/chelo/Projects/node-tests-samples
17 error Linux 4.4.0-75-generic
18 error argv "/home/chelo/.nvm/versions/node/v7.2.0/bin/node" "/home/chelo/.nvm/versions/node/v7.2.0/bin/npm" "run" "coverage-all"
19 error node v7.2.0
20 error npm  v3.10.9
21 error code ELIFECYCLE
22 error node-test@1.0.0 coverage-all: `nyc --report-dir coverage/all npm test-all`
22 error Exit status 1
23 error Failed at the node-test@1.0.0 coverage-all script 'nyc --report-dir coverage/all npm test-all'.
23 error Make sure you have the latest version of node.js and npm installed.
23 error If you do, this is most likely a problem with the node-test package,
23 error not with npm itself.
23 error Tell the author that this fails on your system:
23 error     nyc --report-dir coverage/all npm test-all
23 error You can get information on how to open an issue for this project with:
23 error     npm bugs node-test
23 error Or if that isn't available, you can get their info via:
23 error     npm owner ls node-test
23 error There is likely additional logging output above.
24 verbose exit [ 1, true ]
